<?xml version="1.0" encoding="UTF-8"?>
<testng-results ignored="0" total="3" passed="3" failed="0" skipped="0">
  <reporter-output>
    <line>
      <![CDATA[Hello Java]]>
    </line>
    <line>
      <![CDATA[Hello Python]]>
    </line>
    <line>
      <![CDATA[Hello c]]>
    </line>
  </reporter-output>
  <suite started-at="2022-05-28T10:08:40 IST" name="Surefire suite" finished-at="2022-05-28T10:08:40 IST" duration-ms="67">
    <groups>
    </groups>
    <test started-at="2022-05-28T10:08:40 IST" name="Surefire test" finished-at="2022-05-28T10:08:40 IST" duration-ms="67">
      <class name="Jenkins.Test2">
        <test-method signature="testp()[pri:0, instance:Jenkins.Test2@7dc0f706]" started-at="2022-05-28T10:08:40 IST" name="testp" finished-at="2022-05-28T10:08:40 IST" duration-ms="0" status="PASS">
          <reporter-output>
            <line>
              <![CDATA[Hello Python]]>
            </line>
          </reporter-output>
        </test-method> <!-- testp -->
      </class> <!-- Jenkins.Test2 -->
      <class name="Jenkins.Test3">
        <test-method signature="testc()[pri:0, instance:Jenkins.Test3@4009e306]" started-at="2022-05-28T10:08:40 IST" name="testc" finished-at="2022-05-28T10:08:40 IST" duration-ms="0" status="PASS">
          <reporter-output>
            <line>
              <![CDATA[Hello c]]>
            </line>
          </reporter-output>
        </test-method> <!-- testc -->
      </class> <!-- Jenkins.Test3 -->
      <class name="Jenkins.Test1">
        <test-method signature="testj()[pri:0, instance:Jenkins.Test1@7d20d0b]" started-at="2022-05-28T10:08:40 IST" name="testj" finished-at="2022-05-28T10:08:40 IST" duration-ms="6" status="PASS">
          <reporter-output>
            <line>
              <![CDATA[Hello Java]]>
            </line>
          </reporter-output>
        </test-method> <!-- testj -->
      </class> <!-- Jenkins.Test1 -->
    </test> <!-- Surefire test -->
  </suite> <!-- Surefire suite -->
</testng-results>
