<?xml version="1.0" encoding="UTF-8"?>
<testng-results ignored="0" total="1" passed="1" failed="0" skipped="0">
  <reporter-output>
  </reporter-output>
  <suite started-at="2022-05-24T14:57:23 IST" name="Default suite" finished-at="2022-05-24T14:57:39 IST" duration-ms="15470">
    <groups>
    </groups>
    <test started-at="2022-05-24T14:57:23 IST" name="Default test" finished-at="2022-05-24T14:57:39 IST" duration-ms="15470">
      <class name="testscript.Login">
        <test-method is-config="true" signature="openApp()[pri:0, instance:testscript.Login@3d6f0054]" started-at="2022-05-24T14:57:23 IST" name="openApp" finished-at="2022-05-24T14:57:34 IST" duration-ms="11091" status="PASS">
          <reporter-output>
          </reporter-output>
        </test-method> <!-- openApp -->
        <test-method signature="testLogin()[pri:0, instance:testscript.Login@3d6f0054]" started-at="2022-05-24T14:57:34 IST" name="testLogin" finished-at="2022-05-24T14:57:39 IST" duration-ms="4337" status="PASS">
          <reporter-output>
          </reporter-output>
        </test-method> <!-- testLogin -->
        <test-method is-config="true" signature="closeApp()[pri:0, instance:testscript.Login@3d6f0054]" started-at="2022-05-24T14:57:39 IST" name="closeApp" finished-at="2022-05-24T14:57:39 IST" duration-ms="1" status="PASS">
          <reporter-output>
          </reporter-output>
        </test-method> <!-- closeApp -->
      </class> <!-- testscript.Login -->
    </test> <!-- Default test -->
  </suite> <!-- Default suite -->
</testng-results>
